<?xml version="1.0" encoding="UTF-8"?>
<testng-results ignored="0" total="1" passed="1" failed="0" skipped="0">
  <reporter-output>
  </reporter-output>
  <suite started-at="2023-08-10T16:43:48 IST" name="Default suite" finished-at="2023-08-10T16:44:59 IST" duration-ms="71213">
    <groups>
    </groups>
    <test started-at="2023-08-10T16:43:48 IST" name="Default test" finished-at="2023-08-10T16:44:59 IST" duration-ms="71213">
      <class name="TaskDemoQA.TC_004">
        <test-method is-config="true" signature="launchBrowser()[pri:0, instance:TaskDemoQA.TC_004@1e6a3214]" started-at="2023-08-10T16:43:48 IST" name="launchBrowser" finished-at="2023-08-10T16:43:49 IST" duration-ms="1272" status="PASS">
          <reporter-output>
          </reporter-output>
        </test-method> <!-- launchBrowser -->
        <test-method is-config="true" signature="launchUrl()[pri:0, instance:TaskDemoQA.TC_004@1e6a3214]" started-at="2023-08-10T16:43:49 IST" name="launchUrl" finished-at="2023-08-10T16:43:58 IST" duration-ms="8558" status="PASS">
          <reporter-output>
          </reporter-output>
        </test-method> <!-- launchUrl -->
        <test-method signature="run()[pri:0, instance:TaskDemoQA.TC_004@1e6a3214]" started-at="2023-08-10T16:43:58 IST" name="run" finished-at="2023-08-10T16:44:59 IST" duration-ms="61179" status="PASS">
          <reporter-output>
          </reporter-output>
        </test-method> <!-- run -->
        <test-method is-config="true" signature="closeBrowser()[pri:0, instance:TaskDemoQA.TC_004@1e6a3214]" started-at="2023-08-10T16:44:59 IST" name="closeBrowser" finished-at="2023-08-10T16:44:59 IST" duration-ms="170" status="PASS">
          <reporter-output>
          </reporter-output>
        </test-method> <!-- closeBrowser -->
      </class> <!-- TaskDemoQA.TC_004 -->
    </test> <!-- Default test -->
  </suite> <!-- Default suite -->
</testng-results>
